<?xml version="1.0" encoding="UTF-8"?>
<testsuite name="test_revoke_key_tests.MyTestCase-20210521154305" tests="53" file="test_revoke_key_tests.py" time="0.154" timestamp="2021-05-21T15:43:07" failures="0" errors="0" skipped="0">
	<testcase classname="test_revoke_key_tests.MyTestCase" name="test_revoke_key_datos_repetidos" time="0.002" timestamp="2021-05-21T15:43:06"/>
	<testcase classname="test_revoke_key_tests.MyTestCase" name="test_revoke_key_doble_campo_1" time="0.003" timestamp="2021-05-21T15:43:06"/>
	<testcase classname="test_revoke_key_tests.MyTestCase" name="test_revoke_key_doble_campo_2" time="0.003" timestamp="2021-05-21T15:43:06"/>
	<testcase classname="test_revoke_key_tests.MyTestCase" name="test_revoke_key_doble_campo_3" time="0.003" timestamp="2021-05-21T15:43:06"/>
	<testcase classname="test_revoke_key_tests.MyTestCase" name="test_revoke_key_doble_comillas_e3" time="0.002" timestamp="2021-05-21T15:43:06"/>
	<testcase classname="test_revoke_key_tests.MyTestCase" name="test_revoke_key_doble_comillas_vd3" time="0.003" timestamp="2021-05-21T15:43:06"/>
	<testcase classname="test_revoke_key_tests.MyTestCase" name="test_revoke_key_doble_e1" time="0.003" timestamp="2021-05-21T15:43:06"/>
	<testcase classname="test_revoke_key_tests.MyTestCase" name="test_revoke_key_doble_e2" time="0.002" timestamp="2021-05-21T15:43:06"/>
	<testcase classname="test_revoke_key_tests.MyTestCase" name="test_revoke_key_doble_e3" time="0.003" timestamp="2021-05-21T15:43:06"/>
	<testcase classname="test_revoke_key_tests.MyTestCase" name="test_revoke_key_doble_fichero" time="0.002" timestamp="2021-05-21T15:43:06"/>
	<testcase classname="test_revoke_key_tests.MyTestCase" name="test_revoke_key_doble_fin_objeto" time="0.002" timestamp="2021-05-21T15:43:06"/>
	<testcase classname="test_revoke_key_tests.MyTestCase" name="test_revoke_key_doble_i3" time="0.003" timestamp="2021-05-21T15:43:06"/>
	<testcase classname="test_revoke_key_tests.MyTestCase" name="test_revoke_key_doble_igualdad1" time="0.003" timestamp="2021-05-21T15:43:06"/>
	<testcase classname="test_revoke_key_tests.MyTestCase" name="test_revoke_key_doble_igualdad2" time="0.002" timestamp="2021-05-21T15:43:06"/>
	<testcase classname="test_revoke_key_tests.MyTestCase" name="test_revoke_key_doble_separador_1" time="0.003" timestamp="2021-05-21T15:43:06"/>
	<testcase classname="test_revoke_key_tests.MyTestCase" name="test_revoke_key_doble_separador_2" time="0.002" timestamp="2021-05-21T15:43:06"/>
	<testcase classname="test_revoke_key_tests.MyTestCase" name="test_revoke_key_doble_valor1" time="0.005" timestamp="2021-05-21T15:43:06"/>
	<testcase classname="test_revoke_key_tests.MyTestCase" name="test_revoke_key_doble_valor_e1" time="0.002" timestamp="2021-05-21T15:43:06"/>
	<testcase classname="test_revoke_key_tests.MyTestCase" name="test_revoke_key_doble_valore3" time="0.003" timestamp="2021-05-21T15:43:06"/>
	<testcase classname="test_revoke_key_tests.MyTestCase" name="test_revoke_key_doble_vd1" time="0.002" timestamp="2021-05-21T15:43:06"/>
	<testcase classname="test_revoke_key_tests.MyTestCase" name="test_revoke_key_doble_vd2" time="0.003" timestamp="2021-05-21T15:43:06"/>
	<testcase classname="test_revoke_key_tests.MyTestCase" name="test_revoke_key_doble_vd3" time="0.003" timestamp="2021-05-21T15:43:06"/>
	<testcase classname="test_revoke_key_tests.MyTestCase" name="test_revoke_key_dobles_comillas_e1" time="0.002" timestamp="2021-05-21T15:43:06"/>
	<testcase classname="test_revoke_key_tests.MyTestCase" name="test_revoke_key_dobles_comillas_vd1" time="0.003" timestamp="2021-05-21T15:43:06"/>
	<testcase classname="test_revoke_key_tests.MyTestCase" name="test_revoke_key_fichero_vacio" time="0.002" timestamp="2021-05-21T15:43:06"/>
	<testcase classname="test_revoke_key_tests.MyTestCase" name="test_revoke_key_inicio_repetido" time="0.002" timestamp="2021-05-21T15:43:06"/>
	<testcase classname="test_revoke_key_tests.MyTestCase" name="test_revoke_key_no_campo_1" time="0.002" timestamp="2021-05-21T15:43:06"/>
	<testcase classname="test_revoke_key_tests.MyTestCase" name="test_revoke_key_no_campo_2" time="0.003" timestamp="2021-05-21T15:43:06"/>
	<testcase classname="test_revoke_key_tests.MyTestCase" name="test_revoke_key_no_comillas_e3" time="0.003" timestamp="2021-05-21T15:43:06"/>
	<testcase classname="test_revoke_key_tests.MyTestCase" name="test_revoke_key_no_comillas_vd3" time="0.003" timestamp="2021-05-21T15:43:07"/>
	<testcase classname="test_revoke_key_tests.MyTestCase" name="test_revoke_key_no_datos" time="0.002" timestamp="2021-05-21T15:43:07"/>
	<testcase classname="test_revoke_key_tests.MyTestCase" name="test_revoke_key_no_fin_objeto" time="0.003" timestamp="2021-05-21T15:43:07"/>
	<testcase classname="test_revoke_key_tests.MyTestCase" name="test_revoke_key_no_inicio_objeto" time="0.003" timestamp="2021-05-21T15:43:07"/>
	<testcase classname="test_revoke_key_tests.MyTestCase" name="test_revoke_key_no_separador_1" time="0.003" timestamp="2021-05-21T15:43:07"/>
	<testcase classname="test_revoke_key_tests.MyTestCase" name="test_revoke_key_no_separador_2" time="0.002" timestamp="2021-05-21T15:43:07"/>
	<testcase classname="test_revoke_key_tests.MyTestCase" name="test_revoke_key_no_valore3" time="0.003" timestamp="2021-05-21T15:43:07"/>
	<testcase classname="test_revoke_key_tests.MyTestCase" name="test_revoke_key_non_campo3" time="0.003" timestamp="2021-05-21T15:43:07"/>
	<testcase classname="test_revoke_key_tests.MyTestCase" name="test_revoke_key_ok_1" time="0.004" timestamp="2021-05-21T15:43:07"/>
	<testcase classname="test_revoke_key_tests.MyTestCase" name="test_revoke_key_ok_2" time="0.013" timestamp="2021-05-21T15:43:07"/>
	<testcase classname="test_revoke_key_tests.MyTestCase" name="test_revoke_key_repetida" time="0.005" timestamp="2021-05-21T15:43:07"/>
	<testcase classname="test_revoke_key_tests.MyTestCase" name="test_revoke_key_sin_comillas_e1" time="0.003" timestamp="2021-05-21T15:43:07"/>
	<testcase classname="test_revoke_key_tests.MyTestCase" name="test_revoke_key_sin_comillas_e2" time="0.003" timestamp="2021-05-21T15:43:07"/>
	<testcase classname="test_revoke_key_tests.MyTestCase" name="test_revoke_key_sin_comillas_vd1" time="0.002" timestamp="2021-05-21T15:43:07"/>
	<testcase classname="test_revoke_key_tests.MyTestCase" name="test_revoke_key_sin_dato3" time="0.003" timestamp="2021-05-21T15:43:07"/>
	<testcase classname="test_revoke_key_tests.MyTestCase" name="test_revoke_key_sin_e1" time="0.002" timestamp="2021-05-21T15:43:07"/>
	<testcase classname="test_revoke_key_tests.MyTestCase" name="test_revoke_key_sin_e2" time="0.003" timestamp="2021-05-21T15:43:07"/>
	<testcase classname="test_revoke_key_tests.MyTestCase" name="test_revoke_key_sin_e3" time="0.002" timestamp="2021-05-21T15:43:07"/>
	<testcase classname="test_revoke_key_tests.MyTestCase" name="test_revoke_key_sin_igualdad1" time="0.002" timestamp="2021-05-21T15:43:07"/>
	<testcase classname="test_revoke_key_tests.MyTestCase" name="test_revoke_key_sin_igualdad2" time="0.003" timestamp="2021-05-21T15:43:07"/>
	<testcase classname="test_revoke_key_tests.MyTestCase" name="test_revoke_key_sin_valor1" time="0.003" timestamp="2021-05-21T15:43:07"/>
	<testcase classname="test_revoke_key_tests.MyTestCase" name="test_revoke_key_sin_vd1" time="0.003" timestamp="2021-05-21T15:43:07"/>
	<testcase classname="test_revoke_key_tests.MyTestCase" name="test_revoke_key_sin_vd2" time="0.003" timestamp="2021-05-21T15:43:07"/>
	<testcase classname="test_revoke_key_tests.MyTestCase" name="test_revoke_key_sin_vd3" time="0.002" timestamp="2021-05-21T15:43:07"/>
</testsuite>
